warning: ignoring unsupported tag `OUTPUT_TEXT_DIRECTION  =' at line 102, file /home/travis/build/KurusView/2020_GROUP_21/Doxyfile
warning: ignoring unsupported tag `JAVADOC_BANNER         =' at line 208, file /home/travis/build/KurusView/2020_GROUP_21/Doxyfile
warning: ignoring unsupported tag `PYTHON_DOCSTRING       =' at line 236, file /home/travis/build/KurusView/2020_GROUP_21/Doxyfile
warning: ignoring unsupported tag `OPTIMIZE_OUTPUT_SLICE  =' at line 308, file /home/travis/build/KurusView/2020_GROUP_21/Doxyfile
warning: ignoring unsupported tag `TOC_INCLUDE_HEADINGS   =' at line 350, file /home/travis/build/KurusView/2020_GROUP_21/Doxyfile
warning: ignoring unsupported tag `NUM_PROC_THREADS       =' at line 474, file /home/travis/build/KurusView/2020_GROUP_21/Doxyfile
warning: ignoring unsupported tag `EXTRACT_PRIV_VIRTUAL   =' at line 500, file /home/travis/build/KurusView/2020_GROUP_21/Doxyfile
warning: ignoring unsupported tag `RESOLVE_UNNAMED_PARAMS =' at line 544, file /home/travis/build/KurusView/2020_GROUP_21/Doxyfile
warning: ignoring unsupported tag `CLANG_ADD_INC_PATHS    =' at line 1167, file /home/travis/build/KurusView/2020_GROUP_21/Doxyfile
warning: ignoring unsupported tag `CLANG_DATABASE_PATH    =' at line 1188, file /home/travis/build/KurusView/2020_GROUP_21/Doxyfile
warning: ignoring unsupported tag `HTML_DYNAMIC_MENUS     =' at line 1346, file /home/travis/build/KurusView/2020_GROUP_21/Doxyfile
warning: ignoring unsupported tag `HTML_FORMULA_FORMAT    =' at line 1620, file /home/travis/build/KurusView/2020_GROUP_21/Doxyfile
warning: ignoring unsupported tag `FORMULA_MACROFILE      =' at line 1646, file /home/travis/build/KurusView/2020_GROUP_21/Doxyfile
warning: ignoring unsupported tag `LATEX_MAKEINDEX_CMD    =' at line 1833, file /home/travis/build/KurusView/2020_GROUP_21/Doxyfile
warning: ignoring unsupported tag `LATEX_EMOJI_DIRECTORY  =' at line 1977, file /home/travis/build/KurusView/2020_GROUP_21/Doxyfile
warning: ignoring unsupported tag `XML_NS_MEMB_FILE_SCOPE =' at line 2121, file /home/travis/build/KurusView/2020_GROUP_21/Doxyfile
warning: ignoring unsupported tag `DOT_UML_DETAILS        =' at line 2449, file /home/travis/build/KurusView/2020_GROUP_21/Doxyfile
warning: ignoring unsupported tag `DOT_WRAP_THRESHOLD     =' at line 2458, file /home/travis/build/KurusView/2020_GROUP_21/Doxyfile
warning: ignoring unsupported tag `PLANTUML_CFG_FILE      =' at line 2589, file /home/travis/build/KurusView/2020_GROUP_21/Doxyfile
Searching for include files...
Searching for example files...
Searching for images...
Searching for dot files...
Searching for msc files...
Searching for dia files...
Searching for files to exclude
Searching INPUT for files to process...
Searching for files in directory /home/travis/build/KurusView/2020_GROUP_21/code_docs/2020_GROUP_21
Reading and parsing tag files
Parsing files
Building group list...
Building directory list...
Building namespace list...
Building file list...
Building class list...
Associating documentation with classes...
Computing nesting relations for classes...
Building example list...
Searching for enumerations...
Searching for documented typedefs...
Searching for members imported via using declarations...
Searching for included using directives...
Searching for documented variables...
Building interface member list...
Building member list...
Searching for friends...
Searching for documented defines...
Computing class inheritance relations...
Computing class usage relations...
Flushing cached template relations that have become invalid...
Creating members for template instances...
Computing class relations...
Add enum values to enums...
Searching for member function documentation...
Building page list...
Search for main page...
Computing page relations...
Determining the scope of groups...
Sorting lists...
Freeing entry tree
Determining which enums are documented
Computing member relations...
Building full member lists recursively...
Adding members to member groups.
Computing member references...
Inheriting documentation...
Generating disk names...
Adding source references...
Adding xrefitems...
Sorting member lists...
Computing dependencies between directories...
Generating citations page...
Counting data structures...
Resolving user defined references...
Finding anchors and sections in the documentation...
Transferring function references...
Combining using relations...
Adding members to index pages...
Generating style sheet...
Generating search indices...
Generating example documentation...
Generating file sources...
Generating file documentation...
Generating page documentation...
Generating group documentation...
Generating class documentation...
Generating namespace index...
Generating graph info page...
Generating directory documentation...
Generating index page...
Generating page index...
Generating module index...
Generating namespace index...
Generating namespace member index...
Generating annotated compound index...
Generating alphabetical compound index...
Generating hierarchical class index...
Generating member index...
Generating file index...
Generating file member index...
Generating example index...
finalizing index lists...
writing tag file...
lookup cache used 0/65536 hits=0 misses=0
finished...
